<?xml version="1.0" encoding="UTF-8"?>
<!-- Generated by org.testng.reporters.JUnitXMLReporter -->
<testsuite hostname="WS-TO-WP-5364" ignored="0" name="Test" tests="4" failures="0" timestamp="2020-01-27T10:23:54 EST" time="0.06" errors="0">
  <testcase name="DeleteTwitter" time="0.005" classname="Seleniumpractice.RESTAPITest"/>
  <testcase name="PostJira" time="0.0" classname="Seleniumpractice.RESTAPITest"/>
  <testcase name="BrowserAutomation" time="0.001" classname="Seleniumpractice.SeleniumTest"/>
  <testcase name="ElementsUI" time="0.0" classname="Seleniumpractice.SeleniumTest"/>
</testsuite> <!-- Test -->
