<?xml version="1.0" encoding="UTF-8"?>
<testng-results skipped="0" failed="0" ignored="0" total="4" passed="4">
  <reporter-output>
  </reporter-output>
  <suite name="Suite" duration-ms="60" started-at="2020-01-27T10:23:54 EST" finished-at="2020-01-27T10:23:54 EST">
    <groups>
    </groups>
    <test name="Test" duration-ms="60" started-at="2020-01-27T10:23:54 EST" finished-at="2020-01-27T10:23:54 EST">
      <class name="Seleniumpractice.RESTAPITest">
        <test-method status="PASS" signature="DeleteTwitter()[pri:0, instance:Seleniumpractice.RESTAPITest@5c3bd550]" name="DeleteTwitter" duration-ms="5" started-at="2020-01-27T10:23:54 EST" finished-at="2020-01-27T10:23:54 EST">
          <reporter-output>
          </reporter-output>
        </test-method> <!-- DeleteTwitter -->
        <test-method status="PASS" signature="PostJira()[pri:0, instance:Seleniumpractice.RESTAPITest@5c3bd550]" name="PostJira" duration-ms="0" started-at="2020-01-27T10:23:54 EST" finished-at="2020-01-27T10:23:54 EST">
          <reporter-output>
          </reporter-output>
        </test-method> <!-- PostJira -->
      </class> <!-- Seleniumpractice.RESTAPITest -->
      <class name="Seleniumpractice.SeleniumTest">
        <test-method status="PASS" signature="BrowserAutomation()[pri:0, instance:Seleniumpractice.SeleniumTest@91161c7]" name="BrowserAutomation" duration-ms="1" started-at="2020-01-27T10:23:54 EST" finished-at="2020-01-27T10:23:54 EST">
          <reporter-output>
          </reporter-output>
        </test-method> <!-- BrowserAutomation -->
        <test-method status="PASS" signature="ElementsUI()[pri:0, instance:Seleniumpractice.SeleniumTest@91161c7]" name="ElementsUI" duration-ms="0" started-at="2020-01-27T10:23:54 EST" finished-at="2020-01-27T10:23:54 EST">
          <reporter-output>
          </reporter-output>
        </test-method> <!-- ElementsUI -->
      </class> <!-- Seleniumpractice.SeleniumTest -->
    </test> <!-- Test -->
  </suite> <!-- Suite -->
</testng-results>
